  LoadShaders.cpp
  RushHour.Assignment.cpp
c:\users\tech\desktop\castle_rushhour\assignment 2 og\firstexample\rushhour.assignment.cpp(109): warning C4838: conversion from 'double' to 'float' requires a narrowing conversion
c:\users\tech\desktop\castle_rushhour\assignment 2 og\firstexample\rushhour.assignment.cpp(109): warning C4305: 'initializing': truncation from 'double' to 'float'
c:\users\tech\desktop\castle_rushhour\assignment 2 og\firstexample\rushhour.assignment.cpp(175): warning C4838: conversion from 'double' to 'float' requires a narrowing conversion
c:\users\tech\desktop\castle_rushhour\assignment 2 og\firstexample\rushhour.assignment.cpp(175): warning C4305: 'initializing': truncation from 'double' to 'float'
c:\users\tech\desktop\castle_rushhour\assignment 2 og\firstexample\rushhour.assignment.cpp(319): warning C4244: 'initializing': conversion from 'double' to 'float', possible loss of data
  Generating Code...
Debug\LoadShaders.obj : warning LNK4042: object specified more than once; extras ignored
MSVCRTD.lib(initializers.obj) : warning LNK4098: defaultlib 'libcmtd.lib' conflicts with use of other libs; use /NODEFAULTLIB:library
glew_static_vs2010_d.lib(glew.obj) : warning LNK4099: PDB 'vc100.pdb' was not found with 'glew_static_vs2010_d.lib(glew.obj)' or at 'C:\Users\Tech\Desktop\Castle_RushHour\Assignment 2 OG\Debug\vc100.pdb'; linking object as if no debug info
freeglut_static_vs2010_d.lib(freeglut_callbacks.obj) : warning LNK4099: PDB 'vc100.pdb' was not found with 'freeglut_static_vs2010_d.lib(freeglut_callbacks.obj)' or at 'C:\Users\Tech\Desktop\Castle_RushHour\Assignment 2 OG\Debug\vc100.pdb'; linking object as if no debug info
freeglut_static_vs2010_d.lib(freeglut_cursor.obj) : warning LNK4099: PDB 'vc100.pdb' was not found with 'freeglut_static_vs2010_d.lib(freeglut_cursor.obj)' or at 'C:\Users\Tech\Desktop\Castle_RushHour\Assignment 2 OG\Debug\vc100.pdb'; linking object as if no debug info
freeglut_static_vs2010_d.lib(freeglut_display.obj) : warning LNK4099: PDB 'vc100.pdb' was not found with 'freeglut_static_vs2010_d.lib(freeglut_display.obj)' or at 'C:\Users\Tech\Desktop\Castle_RushHour\Assignment 2 OG\Debug\vc100.pdb'; linking object as if no debug info
freeglut_static_vs2010_d.lib(freeglut_font.obj) : warning LNK4099: PDB 'vc100.pdb' was not found with 'freeglut_static_vs2010_d.lib(freeglut_font.obj)' or at 'C:\Users\Tech\Desktop\Castle_RushHour\Assignment 2 OG\Debug\vc100.pdb'; linking object as if no debug info
freeglut_static_vs2010_d.lib(freeglut_font_data.obj) : warning LNK4099: PDB 'vc100.pdb' was not found with 'freeglut_static_vs2010_d.lib(freeglut_font_data.obj)' or at 'C:\Users\Tech\Desktop\Castle_RushHour\Assignment 2 OG\Debug\vc100.pdb'; linking object as if no debug info
freeglut_static_vs2010_d.lib(freeglut_init.obj) : warning LNK4099: PDB 'vc100.pdb' was not found with 'freeglut_static_vs2010_d.lib(freeglut_init.obj)' or at 'C:\Users\Tech\Desktop\Castle_RushHour\Assignment 2 OG\Debug\vc100.pdb'; linking object as if no debug info
freeglut_static_vs2010_d.lib(freeglut_input_devices.obj) : warning LNK4099: PDB 'vc100.pdb' was not found with 'freeglut_static_vs2010_d.lib(freeglut_input_devices.obj)' or at 'C:\Users\Tech\Desktop\Castle_RushHour\Assignment 2 OG\Debug\vc100.pdb'; linking object as if no debug info
freeglut_static_vs2010_d.lib(freeglut_joystick.obj) : warning LNK4099: PDB 'vc100.pdb' was not found with 'freeglut_static_vs2010_d.lib(freeglut_joystick.obj)' or at 'C:\Users\Tech\Desktop\Castle_RushHour\Assignment 2 OG\Debug\vc100.pdb'; linking object as if no debug info
freeglut_static_vs2010_d.lib(freeglut_main.obj) : warning LNK4099: PDB 'vc100.pdb' was not found with 'freeglut_static_vs2010_d.lib(freeglut_main.obj)' or at 'C:\Users\Tech\Desktop\Castle_RushHour\Assignment 2 OG\Debug\vc100.pdb'; linking object as if no debug info
freeglut_static_vs2010_d.lib(freeglut_menu.obj) : warning LNK4099: PDB 'vc100.pdb' was not found with 'freeglut_static_vs2010_d.lib(freeglut_menu.obj)' or at 'C:\Users\Tech\Desktop\Castle_RushHour\Assignment 2 OG\Debug\vc100.pdb'; linking object as if no debug info
freeglut_static_vs2010_d.lib(freeglut_spaceball.obj) : warning LNK4099: PDB 'vc100.pdb' was not found with 'freeglut_static_vs2010_d.lib(freeglut_spaceball.obj)' or at 'C:\Users\Tech\Desktop\Castle_RushHour\Assignment 2 OG\Debug\vc100.pdb'; linking object as if no debug info
freeglut_static_vs2010_d.lib(freeglut_state.obj) : warning LNK4099: PDB 'vc100.pdb' was not found with 'freeglut_static_vs2010_d.lib(freeglut_state.obj)' or at 'C:\Users\Tech\Desktop\Castle_RushHour\Assignment 2 OG\Debug\vc100.pdb'; linking object as if no debug info
freeglut_static_vs2010_d.lib(freeglut_stroke_mono_roman.obj) : warning LNK4099: PDB 'vc100.pdb' was not found with 'freeglut_static_vs2010_d.lib(freeglut_stroke_mono_roman.obj)' or at 'C:\Users\Tech\Desktop\Castle_RushHour\Assignment 2 OG\Debug\vc100.pdb'; linking object as if no debug info
freeglut_static_vs2010_d.lib(freeglut_stroke_roman.obj) : warning LNK4099: PDB 'vc100.pdb' was not found with 'freeglut_static_vs2010_d.lib(freeglut_stroke_roman.obj)' or at 'C:\Users\Tech\Desktop\Castle_RushHour\Assignment 2 OG\Debug\vc100.pdb'; linking object as if no debug info
freeglut_static_vs2010_d.lib(freeglut_structure.obj) : warning LNK4099: PDB 'vc100.pdb' was not found with 'freeglut_static_vs2010_d.lib(freeglut_structure.obj)' or at 'C:\Users\Tech\Desktop\Castle_RushHour\Assignment 2 OG\Debug\vc100.pdb'; linking object as if no debug info
freeglut_static_vs2010_d.lib(freeglut_window.obj) : warning LNK4099: PDB 'vc100.pdb' was not found with 'freeglut_static_vs2010_d.lib(freeglut_window.obj)' or at 'C:\Users\Tech\Desktop\Castle_RushHour\Assignment 2 OG\Debug\vc100.pdb'; linking object as if no debug info
  FirstExample.vcxproj -> C:\Users\Tech\Desktop\Castle_RushHour\Assignment 2 OG\Debug\FirstExample.exe
